c:\all you need is\to study\осисп\2osisp\2osisp\debug\2osisp.pch
c:\all you need is\to study\осисп\2osisp\2osisp\debug\vc141.pdb
c:\all you need is\to study\осисп\2osisp\2osisp\debug\vc141.idb
c:\all you need is\to study\осисп\2osisp\2osisp\debug\stdafx.obj
c:\all you need is\to study\осисп\2osisp\2osisp\debug\textgenerator.obj
c:\all you need is\to study\осисп\2osisp\2osisp\debug\tabledrawer.obj
c:\all you need is\to study\осисп\2osisp\2osisp\debug\2osisp.obj
c:\all you need is\to study\осисп\2osisp\debug\2osisp.exe
c:\all you need is\to study\осисп\2osisp\debug\2osisp.ilk
c:\all you need is\to study\осисп\2osisp\debug\2osisp.pdb
c:\all you need is\to study\осисп\2osisp\2osisp\debug\2osisp.res
c:\all you need is\to study\осисп\2osisp\2osisp\debug\2osisp.tlog\cl.command.1.tlog
c:\all you need is\to study\осисп\2osisp\2osisp\debug\2osisp.tlog\cl.read.1.tlog
c:\all you need is\to study\осисп\2osisp\2osisp\debug\2osisp.tlog\cl.write.1.tlog
c:\all you need is\to study\осисп\2osisp\2osisp\debug\2osisp.tlog\link.command.1.tlog
c:\all you need is\to study\осисп\2osisp\2osisp\debug\2osisp.tlog\link.read.1.tlog
c:\all you need is\to study\осисп\2osisp\2osisp\debug\2osisp.tlog\link.write.1.tlog
c:\all you need is\to study\осисп\2osisp\2osisp\debug\2osisp.tlog\rc.command.1.tlog
c:\all you need is\to study\осисп\2osisp\2osisp\debug\2osisp.tlog\rc.read.1.tlog
c:\all you need is\to study\осисп\2osisp\2osisp\debug\2osisp.tlog\rc.write.1.tlog
