d:\уник\5 сем\kатюха лучший человек\смысл жизни\5 сем (полина)\осисп\2osisp\2osisp\x64\debug\2osisp.pch
d:\уник\5 сем\kатюха лучший человек\смысл жизни\5 сем (полина)\осисп\2osisp\2osisp\x64\debug\vc142.pdb
d:\уник\5 сем\kатюха лучший человек\смысл жизни\5 сем (полина)\осисп\2osisp\2osisp\x64\debug\vc142.idb
d:\уник\5 сем\kатюха лучший человек\смысл жизни\5 сем (полина)\осисп\2osisp\2osisp\x64\debug\stdafx.obj
d:\уник\5 сем\kатюха лучший человек\смысл жизни\5 сем (полина)\осисп\2osisp\2osisp\x64\debug\textgenerator.obj
d:\уник\5 сем\kатюха лучший человек\смысл жизни\5 сем (полина)\осисп\2osisp\2osisp\x64\debug\tabledrawer.obj
d:\уник\5 сем\kатюха лучший человек\смысл жизни\5 сем (полина)\осисп\2osisp\2osisp\x64\debug\2osisp.obj
d:\уник\5 сем\osnsp\2osisp\2osisp\2osisp\x64\debug\2osisp.pch
d:\уник\5 сем\osnsp\2osisp\2osisp\2osisp\x64\debug\vc142.pdb
d:\уник\5 сем\osnsp\2osisp\2osisp\2osisp\x64\debug\vc142.idb
d:\уник\5 сем\osnsp\2osisp\2osisp\2osisp\x64\debug\stdafx.obj
d:\уник\5 сем\osnsp\2osisp\2osisp\2osisp\x64\debug\tabledrawer.obj
d:\уник\5 сем\osnsp\2osisp\2osisp\2osisp\x64\debug\2osisp.obj
d:\уник\5 сем\kатюха лучший человек\смысл жизни\5 сем (полина)\осисп\2osisp\x64\debug\2osisp.exe
d:\уник\5 сем\kатюха лучший человек\смысл жизни\5 сем (полина)\осисп\2osisp\x64\debug\2osisp.ilk
d:\уник\5 сем\kатюха лучший человек\смысл жизни\5 сем (полина)\осисп\2osisp\x64\debug\2osisp.pdb
d:\уник\5 сем\osnsp\2osisp\2osisp\x64\debug\2osisp.exe
d:\уник\5 сем\osnsp\2osisp\2osisp\x64\debug\2osisp.ilk
d:\уник\5 сем\osnsp\2osisp\2osisp\x64\debug\2osisp.pdb
d:\уник\5 сем\kатюха лучший человек\смысл жизни\5 сем (полина)\осисп\2osisp\2osisp\x64\debug\2osisp.res
d:\уник\5 сем\osnsp\2osisp\2osisp\2osisp\x64\debug\2osisp.res
d:\уник\5 сем\osnsp\2osisp\2osisp\2osisp\x64\debug\textgenerator.obj
d:\уник\5 сем\osnsp\2osisp\2osisp\2osisp\x64\debug\2osisp.tlog\cl.command.1.tlog
d:\уник\5 сем\osnsp\2osisp\2osisp\2osisp\x64\debug\2osisp.tlog\cl.read.1.tlog
d:\уник\5 сем\osnsp\2osisp\2osisp\2osisp\x64\debug\2osisp.tlog\cl.write.1.tlog
d:\уник\5 сем\osnsp\2osisp\2osisp\2osisp\x64\debug\2osisp.tlog\link.command.1.tlog
d:\уник\5 сем\osnsp\2osisp\2osisp\2osisp\x64\debug\2osisp.tlog\link.read.1.tlog
d:\уник\5 сем\osnsp\2osisp\2osisp\2osisp\x64\debug\2osisp.tlog\link.write.1.tlog
d:\уник\5 сем\osnsp\2osisp\2osisp\2osisp\x64\debug\2osisp.tlog\rc.command.1.tlog
d:\уник\5 сем\osnsp\2osisp\2osisp\2osisp\x64\debug\2osisp.tlog\rc.read.1.tlog
d:\уник\5 сем\osnsp\2osisp\2osisp\2osisp\x64\debug\2osisp.tlog\rc.write.1.tlog
